[0mGET / [32m200[0m 21.996 ms - 1681[0m
[0mGET /user/sign-in [36m304[0m 12.657 ms - -[0m
[0mGET /admin/sign-in [36m304[0m 36.761 ms - -[0m
[0mGET / [36m304[0m 9.589 ms - -[0m
[0mGET / [36m304[0m 19.186 ms - -[0m
[0mGET / [36m304[0m 539.330 ms - -[0m
[0mGET / [36m304[0m 60.637 ms - -[0m
[0mGET / [36m304[0m 15.546 ms - -[0m
[0mGET /admin/sign-in [36m304[0m 28.911 ms - -[0m
[0mPOST /admin/create-admin-sessions [36m302[0m 50.134 ms - 72[0m
[0mGET /admin/sign-in [32m200[0m 10.156 ms - 2090[0m
[0mGET /admin/sign-in [32m200[0m 13.643 ms - 1831[0m
[0mPOST /admin/create-admin-sessions [36m302[0m 24.280 ms - 66[0m
[0mGET /admin/home [36m304[0m 30.501 ms - -[0m
[0mGET / [32m200[0m 200.727 ms - 1681[0m
[0mGET /css/layout.css [33m404[0m 35.256 ms - 153[0m
[0mGET /css/header.css [33m404[0m 42.375 ms - 153[0m
[0mGET /css/footer.css [33m404[0m 44.938 ms - 153[0m
[0mGET /css/landing_page.css [33m404[0m 7.909 ms - 159[0m
[0mGET /js/layout.js [33m404[0m 7.154 ms - 151[0m
[0mGET /favicon.ico [33m404[0m 5.606 ms - 150[0m
[0mGET / [36m304[0m 47.135 ms - -[0m
[0mGET /css/layout.css [33m404[0m 18.924 ms - 153[0m
[0mGET /css/header.css [33m404[0m 23.509 ms - 153[0m
[0mGET /css/footer.css [33m404[0m 39.866 ms - 153[0m
[0mGET /js/layout.js [33m404[0m 19.202 ms - 151[0m
[0mGET /css/landing_page.css [33m404[0m 49.059 ms - 159[0m
[0mGET / [36m304[0m 50.592 ms - -[0m
[0mGET /css/layout.css [33m404[0m 16.765 ms - 153[0m
[0mGET /css/landing_page.css [33m404[0m 13.995 ms - 159[0m
[0mGET /css/header.css [33m404[0m 51.028 ms - 153[0m
[0mGET /css/footer.css [33m404[0m 43.291 ms - 153[0m
[0mGET /js/layout.js [33m404[0m 28.994 ms - 151[0m
[0mGET /css/landing_page.css [33m404[0m 4.454 ms - 159[0m
[0mGET / [36m304[0m 34.421 ms - -[0m
[0mGET /css/layout.css [33m404[0m 18.074 ms - 153[0m
[0mGET /css/landing_page.css [33m404[0m 34.118 ms - 159[0m
[0mGET /css/footer.css [33m404[0m 57.481 ms - 153[0m
[0mGET /js/layout.js [33m404[0m 27.922 ms - 151[0m
[0mGET /css/header.css [33m404[0m 55.001 ms - 153[0m
[0mGET /css/landing_page.css [33m404[0m 6.233 ms - 159[0m
[0mGET / [36m304[0m 35.829 ms - -[0m
[0mGET /css/layout.css [33m404[0m 19.363 ms - 153[0m
[0mGET /css/landing_page.css [33m404[0m 17.600 ms - 159[0m
[0mGET /css/header.css [33m404[0m 50.604 ms - 153[0m
[0mGET /js/layout.js [33m404[0m 15.501 ms - 151[0m
[0mGET /css/footer.css [33m404[0m 49.821 ms - 153[0m
[0mGET /css/landing_page.css [33m404[0m 4.165 ms - 159[0m
[0mGET / [36m304[0m 8.611 ms - -[0m
[0mGET /css/footer.css [33m404[0m 27.162 ms - 153[0m
[0mGET /css/header.css [33m404[0m 23.829 ms - 153[0m
[0mGET /css/layout.css [33m404[0m 26.746 ms - 153[0m
[0mGET /css/landing_page.css [33m404[0m 26.958 ms - 159[0m
[0mGET /js/layout.js [33m404[0m 19.820 ms - 151[0m
[0mGET / [36m304[0m 9.948 ms - -[0m
[0mGET /css/layout.css [33m404[0m 12.285 ms - 153[0m
[0mGET /css/header.css [33m404[0m 16.251 ms - 153[0m
[0mGET /css/footer.css [33m404[0m 17.551 ms - 153[0m
[0mGET /js/layout.js [33m404[0m 16.876 ms - 151[0m
[0mGET /css/landing_page.css [33m404[0m 22.803 ms - 159[0m
[0mGET /css/layout.css [33m404[0m 5.443 ms - 153[0m
[0mGET /css/landing_page.css [33m404[0m 2.743 ms - 159[0m
[0mGET / [36m304[0m 13.609 ms - -[0m
[0mGET /css/layout.css [33m404[0m 8.541 ms - 153[0m
[0mGET /css/header.css [33m404[0m 14.357 ms - 153[0m
[0mGET /css/footer.css [33m404[0m 14.393 ms - 153[0m
[0mGET /css/landing_page.css [33m404[0m 16.411 ms - 159[0m
[0mGET /js/layout.js [33m404[0m 17.856 ms - 151[0m
[0mGET / [36m304[0m 7.623 ms - -[0m
[0mGET /css/layout.css [33m404[0m 8.382 ms - 153[0m
[0mGET /css/layout.css [33m404[0m 7.456 ms - 153[0m
[0mGET /css/header.css [33m404[0m 13.679 ms - 153[0m
[0mGET /css/landing_page.css [33m404[0m 14.260 ms - 159[0m
[0mGET /css/footer.css [33m404[0m 12.192 ms - 153[0m
[0mGET /js/layout.js [33m404[0m 12.601 ms - 151[0m
[0mGET /css/layout.css [33m404[0m 3.483 ms - 153[0m
[0mGET /css/landing_page.css [33m404[0m 3.582 ms - 159[0m
[0mGET / [36m304[0m 34.285 ms - -[0m
[0mGET /css/layout.css [33m404[0m 21.610 ms - 153[0m
[0mGET /css/header.css [33m404[0m 22.279 ms - 153[0m
[0mGET /css/footer.css [33m404[0m 33.719 ms - 153[0m
[0mGET /js/layout.js [33m404[0m 14.682 ms - 151[0m
[0mGET /css/landing_page.css [33m404[0m 39.251 ms - 159[0m
[0mGET / [36m304[0m 14.047 ms - -[0m
[0mGET /css/layout.css [33m404[0m 9.667 ms - 153[0m
[0mGET /css/header.css [33m404[0m 19.696 ms - 153[0m
[0mGET /css/footer.css [33m404[0m 19.884 ms - 153[0m
[0mGET /css/landing_page.css [33m404[0m 17.282 ms - 159[0m
[0mGET /js/layout.js [33m404[0m 19.010 ms - 151[0m
[0mGET /css/layout.css [33m404[0m 15.903 ms - 153[0m
[0mGET /css/landing_page.css [33m404[0m 5.766 ms - 159[0m
[0mGET / [32m200[0m 52.641 ms - 1681[0m
[0mGET / [32m200[0m 369.020 ms - 1681[0m
[0mGET /favicon.ico [33m404[0m 21.898 ms - 150[0m
